INFO  Validating config
INFO  Start processing
INFO  
------------------------------------------------
|                                              |
|     ________  __            _        __      |
|    |_   __  |[  |          (_)      |  ]     |
|      | |_ \_| | | __   _   __   .--.| |      |
|      |  _|    | |[  | | | [  |/ /'`\' |      |
|     _| |_     | | | \_/ |, | || \__/  |      |
|    |_____|   [___]'.__.'_/[___]'.__.;__]     |
|                                              |
|             感谢使用 Fluid 主题              |
|    文档: https://hexo.fluid-dev.com/docs/    |
|                                              |
------------------------------------------------

INFO  Hexo is running at http://localhost:4000/ . Press Ctrl+C to stop.
INFO  Validating config
INFO  Start processing
ERROR Process failed: _posts/Qdrant详解.md
YAMLException: end of the stream or a document separator is expected (21:1)

 18 | 
 19 | #### ![](图片\矢量数据库.png)
 20 | 
 21 | ```
------^
 22 | 向量数据库是一种旨在高效存储和查询高维向量的数据库。在传统的O ...
 23 | 
    at generateError (/root/web/node_modules/js-yaml/lib/loader.js:183:10)
    at throwError (/root/web/node_modules/js-yaml/lib/loader.js:187:9)
    at readDocument (/root/web/node_modules/js-yaml/lib/loader.js:1645:5)
    at loadDocuments (/root/web/node_modules/js-yaml/lib/loader.js:1688:5)
    at Object.load (/root/web/node_modules/js-yaml/lib/loader.js:1714:19)
    at parseYAML (/root/web/node_modules/hexo-front-matter/dist/front_matter.js:65:38)
    at parse (/root/web/node_modules/hexo-front-matter/dist/front_matter.js:49:16)
    at /root/web/node_modules/hexo/dist/plugins/processor/post.js:44:52
    at tryCatcher (/root/web/node_modules/bluebird/js/release/util.js:16:23)
    at Promise._settlePromiseFromHandler (/root/web/node_modules/bluebird/js/release/promise.js:544:35)
    at Promise._settlePromise (/root/web/node_modules/bluebird/js/release/promise.js:604:18)
    at Promise._settlePromise0 (/root/web/node_modules/bluebird/js/release/promise.js:649:10)
    at Promise._settlePromises (/root/web/node_modules/bluebird/js/release/promise.js:729:18)
    at Promise._fulfill (/root/web/node_modules/bluebird/js/release/promise.js:673:18)
    at PromiseArray._resolve (/root/web/node_modules/bluebird/js/release/promise_array.js:127:19)
    at PromiseArray._promiseFulfilled (/root/web/node_modules/bluebird/js/release/promise_array.js:145:14)
    at PromiseArray._iterate (/root/web/node_modules/bluebird/js/release/promise_array.js:115:31)
    at PromiseArray.init [as _init] (/root/web/node_modules/bluebird/js/release/promise_array.js:79:10)
    at Promise._settlePromise (/root/web/node_modules/bluebird/js/release/promise.js:601:21)
    at Promise._settlePromise0 (/root/web/node_modules/bluebird/js/release/promise.js:649:10)
    at Promise._settlePromises (/root/web/node_modules/bluebird/js/release/promise.js:729:18)
    at Promise._fulfill (/root/web/node_modules/bluebird/js/release/promise.js:673:18)
INFO  
------------------------------------------------
|                                              |
|     ________  __            _        __      |
|    |_   __  |[  |          (_)      |  ]     |
|      | |_ \_| | | __   _   __   .--.| |      |
|      |  _|    | |[  | | | [  |/ /'`\' |      |
|     _| |_     | | | \_/ |, | || \__/  |      |
|    |_____|   [___]'.__.'_/[___]'.__.;__]     |
|                                              |
|             感谢使用 Fluid 主题              |
|    文档: https://hexo.fluid-dev.com/docs/    |
|                                              |
------------------------------------------------

INFO  Hexo is running at http://localhost:4000/ . Press Ctrl+C to stop.
